生成启动时间为 2019/8/23 17:17:49。
     1>项目“D:\CODE\code\test-8-23\test-8-23\test-8-23.vcxproj”在节点 2 上(Build 个目标)。
     1>ClCompile:
         D:\Program Files (x86)\Microsoft Visual Studio 12.0\VC\bin\CL.exe /c /ZI /nologo /W3 /WX- /sdl /Od /Oy- /D _MBCS /Gm /EHsc /RTC1 /MDd /GS /fp:precise /Zc:wchar_t /Zc:forScope /Fo"Debug\\" /Fd"Debug\vc120.pdb" /Gd /TC /analyze- /errorReport:prompt test.c
         test.c
     1>d:\code\code\test-8-23\test-8-23\test.c(16): error C2109: 下标要求数组或指针类型
     1>d:\code\code\test-8-23\test-8-23\test.c(17): error C2109: 下标要求数组或指针类型
     1>d:\code\code\test-8-23\test-8-23\test.c(18): error C2109: 下标要求数组或指针类型
     1>d:\code\code\test-8-23\test-8-23\test.c(19): error C2109: 下标要求数组或指针类型
     1>d:\code\code\test-8-23\test-8-23\test.c(29): warning C4047: “函数”:“int”与“int [10]”的间接级别不同
     1>d:\code\code\test-8-23\test-8-23\test.c(29): warning C4024: “adjust”: 形参和实参 1 的类型不同
     1>d:\code\code\test-8-23\test-8-23\test.c(30): error C2146: 语法错误: 缺少“)”(在标识符“arr”的前面)
     1>d:\code\code\test-8-23\test-8-23\test.c(30): error C2059: 语法错误:“)”
     1>已完成生成项目“D:\CODE\code\test-8-23\test-8-23\test-8-23.vcxproj”(Build 个目标)的操作 - 失败。

生成失败。

已用时间 00:00:01.12
